<?xml version="1.0" encoding="UTF-8"?>
<!-- Generated by org.testng.reporters.JUnitXMLReporter -->
<testsuite hostname="LAPTOP-A7HIT538" ignored="0" name="Default test" tests="3" failures="0" timestamp="02 Dec 2021 16:31:43 GMT" time="0.047" errors="0">
  <testcase name="testMethod" time="0.008" classname="com.dataproviderdemo.TestClass"/>
  <testcase name="testMethod" time="0.001" classname="com.dataproviderdemo.TestClass"/>
  <testcase name="testMethod" time="0.001" classname="com.dataproviderdemo.TestClass"/>
</testsuite> <!-- Default test -->
