<?xml version="1.0" encoding="UTF-8"?>
<!-- Generated by org.testng.reporters.JUnitXMLReporter -->
<testsuite hostname="LAPTOP-A7HIT538" ignored="2" name="test3" tests="5" failures="0" timestamp="12 Nov 2021 14:25:55 GMT" time="0.015" errors="0">
  <testcase name="m2" time="0.001" classname="com.testng.demo.Class1"/>
  <testcase name="m3" time="0.001" classname="com.testng.demo.Class2"/>
  <testcase name="m4" time="0.001" classname="com.testng.demo.Class2"/>
  <testcase name="m5" time="0.001" classname="com.testng.demo.Class3"/>
  <testcase name="m6" time="0.001" classname="com.testng.demo.Class3"/>
  <testcase name="@BeforeTest m1" time="0.0" classname="com.testng.demo.BaseClass">
    <ignored/>
  </testcase> <!-- @BeforeTest m1 -->
  <testcase name="@BeforeTest m1" time="0.0" classname="com.testng.demo.BaseClass">
    <ignored/>
  </testcase> <!-- @BeforeTest m1 -->
</testsuite> <!-- test3 -->
