<?xml version="1.0" encoding="UTF-8"?>
<testng-results skipped="0" failed="0" ignored="0" total="3" passed="3">
  <reporter-output>
  </reporter-output>
  <suite name="Default suite" duration-ms="47" started-at="2021-12-02T16:31:43Z" finished-at="2021-12-02T16:31:43Z">
    <groups>
    </groups>
    <test name="Default test" duration-ms="47" started-at="2021-12-02T16:31:43Z" finished-at="2021-12-02T16:31:43Z">
      <class name="com.dataproviderdemo.TestClass">
        <test-method status="PASS" signature="testMethod(java.lang.String, int)[pri:0, instance:com.dataproviderdemo.TestClass@2473d930]" name="testMethod" duration-ms="8" started-at="2021-12-02T16:31:43Z" data-provider="first" finished-at="2021-12-02T16:31:43Z">
          <params>
            <param index="0">
              <value>
                <![CDATA[pravin]]>
              </value>
            </param>
            <param index="1">
              <value>
                <![CDATA[34]]>
              </value>
            </param>
          </params>
          <reporter-output>
          </reporter-output>
        </test-method> <!-- testMethod -->
        <test-method status="PASS" signature="testMethod(java.lang.String, int)[pri:0, instance:com.dataproviderdemo.TestClass@2473d930]" name="testMethod" duration-ms="1" started-at="2021-12-02T16:31:43Z" data-provider="first" finished-at="2021-12-02T16:31:43Z">
          <params>
            <param index="0">
              <value>
                <![CDATA[swati]]>
              </value>
            </param>
            <param index="1">
              <value>
                <![CDATA[38]]>
              </value>
            </param>
          </params>
          <reporter-output>
          </reporter-output>
        </test-method> <!-- testMethod -->
        <test-method status="PASS" signature="testMethod(java.lang.String, int)[pri:0, instance:com.dataproviderdemo.TestClass@2473d930]" name="testMethod" duration-ms="1" started-at="2021-12-02T16:31:43Z" data-provider="first" finished-at="2021-12-02T16:31:43Z">
          <params>
            <param index="0">
              <value>
                <![CDATA[bharti]]>
              </value>
            </param>
            <param index="1">
              <value>
                <![CDATA[35]]>
              </value>
            </param>
          </params>
          <reporter-output>
          </reporter-output>
        </test-method> <!-- testMethod -->
      </class> <!-- com.dataproviderdemo.TestClass -->
    </test> <!-- Default test -->
  </suite> <!-- Default suite -->
</testng-results>
